Drill report for KiCad.kicad_pcb
Created on 2022/04/20 16:37:59

Copper Layer Stackup:
    =============================================================
    L1 :  F.Cu                      front
    L2 :  B.Cu                      back


Drill file 'KiCad-PTH.drl' contains
    plated through holes:
    =============================================================
    T1  0.700mm  0.0276"  (12 holes)
    T2  0.750mm  0.0295"  (8 holes)
    T3  0.800mm  0.0315"  (56 holes)
    T4  1.000mm  0.0394"  (34 holes)  (with 3 slots)
    T5  1.100mm  0.0433"  (4 holes)
    T6  1.200mm  0.0472"  (4 holes)
    T7  1.300mm  0.0512"  (2 holes)
    T8  2.200mm  0.0866"  (2 holes)

    Total plated holes count 122


Drill file 'KiCad-NPTH.drl' contains
    unplated through holes:
    =============================================================

    Total unplated holes count 0
